Performing C SOURCE FILE Test CMAKE_HAVE_LIBC_PTHREAD failed with the following output:
Change Dir: /opt/ros/noetic/share/siam_sim/src/god/cmake-build-debug/CMakeFiles/CMakeTmp

Run Build Command(s):/snap/clion/198/bin/ninja/linux/ninja cmTC_58676 && [1/2] Building C object CMakeFiles/cmTC_58676.dir/src.c.o
[2/2] Linking C executable cmTC_58676
FAILED: cmTC_58676 
: && /usr/bin/cc  -rdynamic CMakeFiles/cmTC_58676.dir/src.c.o -o cmTC_58676   && :
/usr/bin/ld: CMakeFiles/cmTC_58676.dir/src.c.o: en la función `main':
src.c:(.text+0x46): referencia a `pthread_create' sin definir
/usr/bin/ld: src.c:(.text+0x52): referencia a `pthread_detach' sin definir
/usr/bin/ld: src.c:(.text+0x5e): referencia a `pthread_cancel' sin definir
/usr/bin/ld: src.c:(.text+0x6f): referencia a `pthread_join' sin definir
collect2: error: ld returned 1 exit status
ninja: build stopped: subcommand failed.


Source file was:
#include <pthread.h>

static void* test_func(void* data)
{
  return data;
}

int main(void)
{
  pthread_t thread;
  pthread_create(&thread, NULL, test_func, NULL);
  pthread_detach(thread);
  pthread_cancel(thread);
  pthread_join(thread, NULL);
  pthread_atfork(NULL, NULL, NULL);
  pthread_exit(NULL);

  return 0;
}

Determining if the function pthread_create exists in the pthreads failed with the following output:
Change Dir: /opt/ros/noetic/share/siam_sim/src/god/cmake-build-debug/CMakeFiles/CMakeTmp

Run Build Command(s):/snap/clion/198/bin/ninja/linux/ninja cmTC_54732 && [1/2] Building C object CMakeFiles/cmTC_54732.dir/CheckFunctionExists.c.o
[2/2] Linking C executable cmTC_54732
FAILED: cmTC_54732 
: && /usr/bin/cc -DCHECK_FUNCTION_EXISTS=pthread_create -rdynamic CMakeFiles/cmTC_54732.dir/CheckFunctionExists.c.o -o cmTC_54732  -lpthreads && :
/usr/bin/ld: no se puede encontrar -lpthreads
collect2: error: ld returned 1 exit status
ninja: build stopped: subcommand failed.



