Performing C SOURCE FILE Test CMAKE_HAVE_LIBC_PTHREAD failed with the following output:
Change Dir: /opt/ros/noetic/share/siam_sim/plugins/cmake-build-debug/CMakeFiles/CMakeTmp

Run Build Command(s):/usr/bin/make -f Makefile cmTC_eea9a/fast && /usr/bin/make  -f CMakeFiles/cmTC_eea9a.dir/build.make CMakeFiles/cmTC_eea9a.dir/build
make[1]: se entra en el directorio '/opt/ros/noetic/share/siam_sim/plugins/cmake-build-debug/CMakeFiles/CMakeTmp'
Building C object CMakeFiles/cmTC_eea9a.dir/src.c.o
/usr/bin/cc -DCMAKE_HAVE_LIBC_PTHREAD   -o CMakeFiles/cmTC_eea9a.dir/src.c.o -c /opt/ros/noetic/share/siam_sim/plugins/cmake-build-debug/CMakeFiles/CMakeTmp/src.c
Linking C executable cmTC_eea9a
/snap/clion/198/bin/cmake/linux/bin/cmake -E cmake_link_script CMakeFiles/cmTC_eea9a.dir/link.txt --verbose=1
/usr/bin/cc -rdynamic CMakeFiles/cmTC_eea9a.dir/src.c.o -o cmTC_eea9a 
/usr/bin/ld: CMakeFiles/cmTC_eea9a.dir/src.c.o: en la función `main':
src.c:(.text+0x46): referencia a `pthread_create' sin definir
/usr/bin/ld: src.c:(.text+0x52): referencia a `pthread_detach' sin definir
/usr/bin/ld: src.c:(.text+0x5e): referencia a `pthread_cancel' sin definir
/usr/bin/ld: src.c:(.text+0x6f): referencia a `pthread_join' sin definir
collect2: error: ld returned 1 exit status
make[1]: *** [CMakeFiles/cmTC_eea9a.dir/build.make:99: cmTC_eea9a] Error 1
make[1]: se sale del directorio '/opt/ros/noetic/share/siam_sim/plugins/cmake-build-debug/CMakeFiles/CMakeTmp'
make: *** [Makefile:127: cmTC_eea9a/fast] Error 2


Source file was:
#include <pthread.h>

static void* test_func(void* data)
{
  return data;
}

int main(void)
{
  pthread_t thread;
  pthread_create(&thread, NULL, test_func, NULL);
  pthread_detach(thread);
  pthread_cancel(thread);
  pthread_join(thread, NULL);
  pthread_atfork(NULL, NULL, NULL);
  pthread_exit(NULL);

  return 0;
}

Determining if the function pthread_create exists in the pthreads failed with the following output:
Change Dir: /opt/ros/noetic/share/siam_sim/plugins/cmake-build-debug/CMakeFiles/CMakeTmp

Run Build Command(s):/usr/bin/make -f Makefile cmTC_d7c40/fast && /usr/bin/make  -f CMakeFiles/cmTC_d7c40.dir/build.make CMakeFiles/cmTC_d7c40.dir/build
make[1]: se entra en el directorio '/opt/ros/noetic/share/siam_sim/plugins/cmake-build-debug/CMakeFiles/CMakeTmp'
Building C object CMakeFiles/cmTC_d7c40.dir/CheckFunctionExists.c.o
/usr/bin/cc   -DCHECK_FUNCTION_EXISTS=pthread_create -o CMakeFiles/cmTC_d7c40.dir/CheckFunctionExists.c.o -c /snap/clion/198/bin/cmake/linux/share/cmake-3.22/Modules/CheckFunctionExists.c
Linking C executable cmTC_d7c40
/snap/clion/198/bin/cmake/linux/bin/cmake -E cmake_link_script CMakeFiles/cmTC_d7c40.dir/link.txt --verbose=1
/usr/bin/cc  -DCHECK_FUNCTION_EXISTS=pthread_create -rdynamic CMakeFiles/cmTC_d7c40.dir/CheckFunctionExists.c.o -o cmTC_d7c40  -lpthreads 
/usr/bin/ld: no se puede encontrar -lpthreads
collect2: error: ld returned 1 exit status
make[1]: *** [CMakeFiles/cmTC_d7c40.dir/build.make:99: cmTC_d7c40] Error 1
make[1]: se sale del directorio '/opt/ros/noetic/share/siam_sim/plugins/cmake-build-debug/CMakeFiles/CMakeTmp'
make: *** [Makefile:127: cmTC_d7c40/fast] Error 2



