Performing C SOURCE FILE Test CMAKE_HAVE_LIBC_PTHREAD failed with the following output:
Change Dir: /opt/ros/noetic/share/siam_sim/src/siam_main/cmake-build-debug/CMakeFiles/CMakeTmp

Run Build Command(s):/usr/bin/make -f Makefile cmTC_b2ed4/fast && /usr/bin/make  -f CMakeFiles/cmTC_b2ed4.dir/build.make CMakeFiles/cmTC_b2ed4.dir/build
make[1]: se entra en el directorio '/opt/ros/noetic/share/siam_sim/src/siam_main/cmake-build-debug/CMakeFiles/CMakeTmp'
Building C object CMakeFiles/cmTC_b2ed4.dir/src.c.o
/usr/bin/cc -DCMAKE_HAVE_LIBC_PTHREAD  -fdiagnostics-color=always -o CMakeFiles/cmTC_b2ed4.dir/src.c.o -c /opt/ros/noetic/share/siam_sim/src/siam_main/cmake-build-debug/CMakeFiles/CMakeTmp/src.c
Linking C executable cmTC_b2ed4
/home/siamsim/.local/share/JetBrains/Toolbox/apps/CLion/ch-0/223.7571.171/bin/cmake/linux/bin/cmake -E cmake_link_script CMakeFiles/cmTC_b2ed4.dir/link.txt --verbose=1
/usr/bin/cc -rdynamic CMakeFiles/cmTC_b2ed4.dir/src.c.o -o cmTC_b2ed4 
/usr/bin/ld: CMakeFiles/cmTC_b2ed4.dir/src.c.o: en la función `main':
src.c:(.text+0x46): referencia a `pthread_create' sin definir
/usr/bin/ld: src.c:(.text+0x52): referencia a `pthread_detach' sin definir
/usr/bin/ld: src.c:(.text+0x5e): referencia a `pthread_cancel' sin definir
/usr/bin/ld: src.c:(.text+0x6f): referencia a `pthread_join' sin definir
collect2: error: ld returned 1 exit status
make[1]: *** [CMakeFiles/cmTC_b2ed4.dir/build.make:99: cmTC_b2ed4] Error 1
make[1]: se sale del directorio '/opt/ros/noetic/share/siam_sim/src/siam_main/cmake-build-debug/CMakeFiles/CMakeTmp'
make: *** [Makefile:127: cmTC_b2ed4/fast] Error 2


Source file was:
#include <pthread.h>

static void* test_func(void* data)
{
  return data;
}

int main(void)
{
  pthread_t thread;
  pthread_create(&thread, NULL, test_func, NULL);
  pthread_detach(thread);
  pthread_cancel(thread);
  pthread_join(thread, NULL);
  pthread_atfork(NULL, NULL, NULL);
  pthread_exit(NULL);

  return 0;
}

Determining if the function pthread_create exists in the pthreads failed with the following output:
Change Dir: /opt/ros/noetic/share/siam_sim/src/siam_main/cmake-build-debug/CMakeFiles/CMakeTmp

Run Build Command(s):/usr/bin/make -f Makefile cmTC_9bdc1/fast && /usr/bin/make  -f CMakeFiles/cmTC_9bdc1.dir/build.make CMakeFiles/cmTC_9bdc1.dir/build
make[1]: se entra en el directorio '/opt/ros/noetic/share/siam_sim/src/siam_main/cmake-build-debug/CMakeFiles/CMakeTmp'
Building C object CMakeFiles/cmTC_9bdc1.dir/CheckFunctionExists.c.o
/usr/bin/cc   -DCHECK_FUNCTION_EXISTS=pthread_create -fdiagnostics-color=always -o CMakeFiles/cmTC_9bdc1.dir/CheckFunctionExists.c.o -c /home/siamsim/.local/share/JetBrains/Toolbox/apps/CLion/ch-0/223.7571.171/bin/cmake/linux/share/cmake-3.24/Modules/CheckFunctionExists.c
Linking C executable cmTC_9bdc1
/home/siamsim/.local/share/JetBrains/Toolbox/apps/CLion/ch-0/223.7571.171/bin/cmake/linux/bin/cmake -E cmake_link_script CMakeFiles/cmTC_9bdc1.dir/link.txt --verbose=1
/usr/bin/cc  -DCHECK_FUNCTION_EXISTS=pthread_create -rdynamic CMakeFiles/cmTC_9bdc1.dir/CheckFunctionExists.c.o -o cmTC_9bdc1  -lpthreads 
/usr/bin/ld: no se puede encontrar -lpthreads
collect2: error: ld returned 1 exit status
make[1]: *** [CMakeFiles/cmTC_9bdc1.dir/build.make:99: cmTC_9bdc1] Error 1
make[1]: se sale del directorio '/opt/ros/noetic/share/siam_sim/src/siam_main/cmake-build-debug/CMakeFiles/CMakeTmp'
make: *** [Makefile:127: cmTC_9bdc1/fast] Error 2



